Reading netlist file: "C:\Workspace\NES\NESTang\LushayLabs\003OLED\impl\gwsynthesis\9K_LED_project.vg"
Parsing netlist file "C:\Workspace\NES\NESTang\LushayLabs\003OLED\impl\gwsynthesis\9K_LED_project.vg" completed
Processing netlist completed
Reading constraint file: "C:\Workspace\NES\NESTang\LushayLabs\003OLED\src\screen.cst"
Physical Constraint parsed completed
Running placement......
[10%] Placement Phase 0 completed
[20%] Placement Phase 1 completed
[30%] Placement Phase 2 completed
[50%] Placement Phase 3 completed
Running routing......
[60%] Routing Phase 0 completed
[70%] Routing Phase 1 completed
[80%] Routing Phase 2 completed
[90%] Routing Phase 3 completed
Running timing analysis......
[95%] Timing analysis completed
Placement and routing completed
Bitstream generation in progress......
Bitstream generation completed
Running power analysis......
[100%] Power analysis completed
Generate file "C:\Workspace\NES\NESTang\LushayLabs\003OLED\impl\pnr\9K_LED_project.power.html" completed
Generate file "C:\Workspace\NES\NESTang\LushayLabs\003OLED\impl\pnr\9K_LED_project.pin.html" completed
Generate file "C:\Workspace\NES\NESTang\LushayLabs\003OLED\impl\pnr\9K_LED_project.rpt.html" completed
Generate file "C:\Workspace\NES\NESTang\LushayLabs\003OLED\impl\pnr\9K_LED_project.rpt.txt" completed
Generate file "C:\Workspace\NES\NESTang\LushayLabs\003OLED\impl\pnr\9K_LED_project.tr.html" completed
Wed Apr  3 16:03:50 2024

